Mono path[0] = 'C:/Program Files (x86)/Steam/steamapps/common/RimWorld/RimWorldWin64_Data/Managed'
Mono config path = 'C:/Program Files (x86)/Steam/steamapps/common/RimWorld/MonoBleedingEdge/etc'
Initialize engine version: 2019.4.30f1 (e8c891080a1f)
[Subsystems] Discovering subsystems at path C:/Program Files (x86)/Steam/steamapps/common/RimWorld/RimWorldWin64_Data/UnitySubsystems
GfxDevice: creating device client; threaded=1
Direct3D:
    Version:  Direct3D 11.0 [level 11.1]
    Renderer: Radeon RX 570 Series (ID=0x67df)
    Vendor:   
    VRAM:     4074 MB
    Driver:   31.0.14043.7000
Begin MonoManager ReloadAssembly
- Completed reload, in  2.574 seconds
<RI> Initializing input.
<RI> Input initialized.
D3D11 device created for Microsoft Media Foundation video decoding.
<RI> Initialized touch support.
UnloadTime: 0.602100 ms
Command line arguments: -savedatafolder=C:\Users\User\AppData\LocalLow\Ludeon Studios\RimWorld by Ludeon Studios
RimWorld 1.4.3704 rev896
Save data folder overridden to C:\Users\User\AppData\LocalLow\Ludeon Studios\RimWorld by Ludeon Studios
Fallback handler could not load library C:/Program Files (x86)/Steam/steamapps/common/RimWorld/RimWorldWin64_Data/Mono/data-0000025B07128020.dll
Fallback handler could not load library C:/Program Files (x86)/Steam/steamapps/common/RimWorld/RimWorldWin64_Data/Mono/data-0000025B06EEB8B0.dll
Fallback handler could not load library C:/Program Files (x86)/Steam/steamapps/common/RimWorld/RimWorldWin64_Data/Mono/data-0000025B07251030.dll
Fallback handler could not load library C:/Program Files (x86)/Steam/steamapps/common/RimWorld/RimWorldWin64_Data/Mono/data-0000025B0725B840.dll
Fallback handler could not load library C:/Program Files (x86)/Steam/steamapps/common/RimWorld/RimWorldWin64_Data/Mono/data-0000025B0728E660.dll
Fallback handler could not load library C:/Program Files (x86)/Steam/steamapps/common/RimWorld/RimWorldWin64_Data/Mono/data-0000025B0738C4A0.dll
Fallback handler could not load library C:/Program Files (x86)/Steam/steamapps/common/RimWorld/RimWorldWin64_Data/Mono/data-0000025B073BB0C0.dll
Fallback handler could not load library C:/Program Files (x86)/Steam/steamapps/common/RimWorld/RimWorldWin64_Data/Mono/data-0000025B073CF0E0.dll
Fallback handler could not load library C:/Program Files (x86)/Steam/steamapps/common/RimWorld/RimWorldWin64_Data/Mono/data-0000025B073EB500.dll
Fallback handler could not load library C:/Program Files (x86)/Steam/steamapps/common/RimWorld/RimWorldWin64_Data/Mono/data-0000025B073F4120.dll
Fallback handler could not load library C:/Program Files (x86)/Steam/steamapps/common/RimWorld/RimWorldWin64_Data/Mono/data-0000025B074B5B30.dll
Fallback handler could not load library C:/Program Files (x86)/Steam/steamapps/common/RimWorld/RimWorldWin64_Data/Mono/data-0000025B07522020.dll
Fallback handler could not load library C:/Program Files (x86)/Steam/steamapps/common/RimWorld/RimWorldWin64_Data/Mono/data-0000025B0752D040.dll
Fallback handler could not load library C:/Program Files (x86)/Steam/steamapps/common/RimWorld/RimWorldWin64_Data/Mono/data-0000025B07555DA0.dll
Fallback handler could not load library C:/Program Files (x86)/Steam/steamapps/common/RimWorld/RimWorldWin64_Data/Mono/data-0000025B075635B0.dll
Fallback handler could not load library C:/Program Files (x86)/Steam/steamapps/common/RimWorld/RimWorldWin64_Data/Mono/data-0000025B0B7CB040.dll
Fallback handler could not load library C:/Program Files (x86)/Steam/steamapps/common/RimWorld/RimWorldWin64_Data/Mono/data-0000025B075843D0.dll
Fallback handler could not load library C:/Program Files (x86)/Steam/steamapps/common/RimWorld/RimWorldWin64_Data/Mono/data-0000025B075875E0.dll
Fallback handler could not load library C:/Program Files (x86)/Steam/steamapps/common/RimWorld/RimWorldWin64_Data/Mono/data-0000025B075AA000.dll
Fallback handler could not load library C:/Program Files (x86)/Steam/steamapps/common/RimWorld/RimWorldWin64_Data/Mono/data-0000025B075B7820.dll
Fallback handler could not load library C:/Program Files (x86)/Steam/steamapps/common/RimWorld/RimWorldWin64_Data/Mono/data-0000025B075BCC30.dll
Fallback handler could not load library C:/Program Files (x86)/Steam/steamapps/common/RimWorld/RimWorldWin64_Data/Mono/data-0000025B075C6060.dll
Fallback handler could not load library C:/Program Files (x86)/Steam/steamapps/common/RimWorld/RimWorldWin64_Data/Mono/data-0000025B075E8990.dll
Fallback handler could not load library C:/Program Files (x86)/Steam/steamapps/common/RimWorld/RimWorldWin64_Data/Mono/data-0000025B0760D5C0.dll
Fallback handler could not load library C:/Program Files (x86)/Steam/steamapps/common/RimWorld/RimWorldWin64_Data/Mono/data-0000025B076F31E0.dll
Fallback handler could not load library C:/Program Files (x86)/Steam/steamapps/common/RimWorld/RimWorldWin64_Data/Mono/data-0000025B0771E520.dll
Fallback handler could not load library C:/Program Files (x86)/Steam/steamapps/common/RimWorld/RimWorldWin64_Data/Mono/data-0000025B07725930.dll
Fallback handler could not load library C:/Program Files (x86)/Steam/steamapps/common/RimWorld/RimWorldWin64_Data/Mono/data-0000025B07728B50.dll
Fallback handler could not load library C:/Program Files (x86)/Steam/steamapps/common/RimWorld/RimWorldWin64_Data/Mono/data-0000025B07752190.dll
Fallback handler could not load library C:/Program Files (x86)/Steam/steamapps/common/RimWorld/RimWorldWin64_Data/Mono/data-0000025B0775DFC0.dll
Fallback handler could not load library C:/Program Files (x86)/Steam/steamapps/common/RimWorld/RimWorldWin64_Data/Mono/data-0000025B0778D050.dll
Fallback handler could not load library C:/Program Files (x86)/Steam/steamapps/common/RimWorld/RimWorldWin64_Data/Mono/data-0000025B077AA800.dll
Fallback handler could not load library C:/Program Files (x86)/Steam/steamapps/common/RimWorld/RimWorldWin64_Data/Mono/data-0000025B077F64A0.dll
Fallback handler could not load library C:/Program Files (x86)/Steam/steamapps/common/RimWorld/RimWorldWin64_Data/Mono/data-0000025B07806AC0.dll
Fallback handler could not load library C:/Program Files (x86)/Steam/steamapps/common/RimWorld/RimWorldWin64_Data/Mono/data-0000025B0780FAE0.dll
Fallback handler could not load library C:/Program Files (x86)/Steam/steamapps/common/RimWorld/RimWorldWin64_Data/Mono/data-0000025B078154F0.dll
Fallback handler could not load library C:/Program Files (x86)/Steam/steamapps/common/RimWorld/RimWorldWin64_Data/Mono/data-0000025B0BAB0080.dll
Fallback handler could not load library C:/Program Files (x86)/Steam/steamapps/common/RimWorld/RimWorldWin64_Data/Mono/data-0000025B0BADEAA0.dll
Fallback handler could not load library C:/Program Files (x86)/Steam/steamapps/common/RimWorld/RimWorldWin64_Data/Mono/data-0000025B0BB16EC0.dll
Fallback handler could not load library C:/Program Files (x86)/Steam/steamapps/common/RimWorld/RimWorldWin64_Data/Mono/data-0000025B07819700.dll
Fallback handler could not load library C:/Program Files (x86)/Steam/steamapps/common/RimWorld/RimWorldWin64_Data/Mono/data-0000025B0BB188D0.dll
Fallback handler could not load library C:/Program Files (x86)/Steam/steamapps/common/RimWorld/RimWorldWin64_Data/Mono/data-0000025B0BB33AE0.dll
Fallback handler could not load library C:/Program Files (x86)/Steam/steamapps/common/RimWorld/RimWorldWin64_Data/Mono/data-0000025B0BB50500.dll
Fallback handler could not load library C:/Program Files (x86)/Steam/steamapps/common/RimWorld/RimWorldWin64_Data/Mono/data-0000025B0BB62350.dll
Fallback handler could not load library C:/Program Files (x86)/Steam/steamapps/common/RimWorld/RimWorldWin64_Data/Mono/data-0000025B0BB63960.dll
Fallback handler could not load library C:/Program Files (x86)/Steam/steamapps/common/RimWorld/RimWorldWin64_Data/Mono/data-0000025B0BB64F70.dll
Fallback handler could not load library C:/Program Files (x86)/Steam/steamapps/common/RimWorld/RimWorldWin64_Data/Mono/data-0000025B0BB78780.dll
Fallback handler could not load library C:/Program Files (x86)/Steam/steamapps/common/RimWorld/RimWorldWin64_Data/Mono/data-0000025B0BB82590.dll
Fallback handler could not load library C:/Program Files (x86)/Steam/steamapps/common/RimWorld/RimWorldWin64_Data/Mono/data-0000025B0BD1C010.dll
Fallback handler could not load library C:/Program Files (x86)/Steam/steamapps/common/RimWorld/RimWorldWin64_Data/Mono/data-0000025B0BD37230.dll
Fallback handler could not load library C:/Program Files (x86)/Steam/steamapps/common/RimWorld/RimWorldWin64_Data/Mono/data-0000025B0BD58A40.dll
Fallback handler could not load library C:/Program Files (x86)/Steam/steamapps/common/RimWorld/RimWorldWin64_Data/Mono/data-0000025B0BD75980.dll
Fallback handler could not load library C:/Program Files (x86)/Steam/steamapps/common/RimWorld/RimWorldWin64_Data/Mono/data-0000025B0BD9F7A0.dll
Fallback handler could not load library C:/Program Files (x86)/Steam/steamapps/common/RimWorld/RimWorldWin64_Data/Mono/data-0000025B0BDC4FE0.dll
Fallback handler could not load library C:/Program Files (x86)/Steam/steamapps/common/RimWorld/RimWorldWin64_Data/Mono/data-0000025B0BDD5C10.dll
Fallback handler could not load library C:/Program Files (x86)/Steam/steamapps/common/RimWorld/RimWorldWin64_Data/Mono/data-0000025B0BE08160.dll
Fallback handler could not load library C:/Program Files (x86)/Steam/steamapps/common/RimWorld/RimWorldWin64_Data/Mono/data-0000025B0BE3EE90.dll
Fallback handler could not load library C:/Program Files (x86)/Steam/steamapps/common/RimWorld/RimWorldWin64_Data/Mono/data-0000025B0BED3010.dll
Fallback handler could not load library C:/Program Files (x86)/Steam/steamapps/common/RimWorld/RimWorldWin64_Data/Mono/data-0000025B0BF2C420.dll
Fallback handler could not load library C:/Program Files (x86)/Steam/steamapps/common/RimWorld/RimWorldWin64_Data/Mono/data-0000025B0BF77630.dll
Fallback handler could not load library C:/Program Files (x86)/Steam/steamapps/common/RimWorld/RimWorldWin64_Data/Mono/data-0000025B0BF9A250.dll
Fallback handler could not load library C:/Program Files (x86)/Steam/steamapps/common/RimWorld/RimWorldWin64_Data/Mono/data-0000025B0BF9BA60.dll
Fallback handler could not load library C:/Program Files (x86)/Steam/steamapps/common/RimWorld/RimWorldWin64_Data/Mono/data-0000025B0BFD3E90.dll
Fallback handler could not load library C:/Program Files (x86)/Steam/steamapps/common/RimWorld/RimWorldWin64_Data/Mono/data-0000025B0BFDC8A0.dll
Fallback handler could not load library C:/Program Files (x86)/Steam/steamapps/common/RimWorld/RimWorldWin64_Data/Mono/data-0000025B0BFF84B0.dll
Fallback handler could not load library C:/Program Files (x86)/Steam/steamapps/common/RimWorld/RimWorldWin64_Data/Mono/data-0000025B0C00CED0.dll
Fallback handler could not load library C:/Program Files (x86)/Steam/steamapps/common/RimWorld/RimWorldWin64_Data/Mono/data-0000025B0C0126E0.dll
Fallback handler could not load library C:/Program Files (x86)/Steam/steamapps/common/RimWorld/RimWorldWin64_Data/Mono/data-0000025B0C01E900.dll
Fallback handler could not load library C:/Program Files (x86)/Steam/steamapps/common/RimWorld/RimWorldWin64_Data/Mono/data-0000025B0C021910.dll
Fallback handler could not load library C:/Program Files (x86)/Steam/steamapps/common/RimWorld/RimWorldWin64_Data/Mono/data-0000025B0C023120.dll
Fallback handler could not load library C:/Program Files (x86)/Steam/steamapps/common/RimWorld/RimWorldWin64_Data/Mono/data-0000025B0C026B40.dll
Fallback handler could not load library C:/Program Files (x86)/Steam/steamapps/common/RimWorld/RimWorldWin64_Data/Mono/data-0000025B0BECBAF0.dll
Fallback handler could not load library C:/Program Files (x86)/Steam/steamapps/common/RimWorld/RimWorldWin64_Data/Mono/data-0000025B0C035760.dll
Fallback handler could not load library C:/Program Files (x86)/Steam/steamapps/common/RimWorld/RimWorldWin64_Data/Mono/data-0000025B0C036F70.dll
Fallback handler could not load library C:/Program Files (x86)/Steam/steamapps/common/RimWorld/RimWorldWin64_Data/Mono/data-0000025B0C040FA0.dll
Fallback handler could not load library C:/Program Files (x86)/Steam/steamapps/common/RimWorld/RimWorldWin64_Data/Mono/data-0000025B06EECCC0.dll
Fallback handler could not load library C:/Program Files (x86)/Steam/steamapps/common/RimWorld/RimWorldWin64_Data/Mono/data-0000025B0C043BC0.dll
Fallback handler could not load library C:/Program Files (x86)/Steam/steamapps/common/RimWorld/RimWorldWin64_Data/Mono/data-0000025B0C045DD0.dll
Fallback handler could not load library C:/Program Files (x86)/Steam/steamapps/common/RimWorld/RimWorldWin64_Data/Mono/data-0000025B0C04F3E0.dll
Fallback handler could not load library C:/Program Files (x86)/Steam/steamapps/common/RimWorld/RimWorldWin64_Data/Mono/data-0000025B0C0527F0.dll
Fallback handler could not load library C:/Program Files (x86)/Steam/steamapps/common/RimWorld/RimWorldWin64_Data/Mono/data-0000025B0BECFB10.dll
Fallback handler could not load library C:/Program Files (x86)/Steam/steamapps/common/RimWorld/RimWorldWin64_Data/Mono/data-0000025B0C144C30.dll
Fallback handler could not load library C:/Program Files (x86)/Steam/steamapps/common/RimWorld/RimWorldWin64_Data/Mono/data-0000025B0C18F050.dll
Fallback handler could not load library C:/Program Files (x86)/Steam/steamapps/common/RimWorld/RimWorldWin64_Data/Mono/data-0000025B0C1BB060.dll
Fallback handler could not load library C:/Program Files (x86)/Steam/steamapps/common/RimWorld/RimWorldWin64_Data/Mono/data-0000025B0C1FE010.dll
Fallback handler could not load library C:/Program Files (x86)/Steam/steamapps/common/RimWorld/RimWorldWin64_Data/Mono/data-0000025B0C211040.dll
Fallback handler could not load library C:/Program Files (x86)/Steam/steamapps/common/RimWorld/RimWorldWin64_Data/Mono/data-0000025B0C21C050.dll
Fallback handler could not load library C:/Program Files (x86)/Steam/steamapps/common/RimWorld/RimWorldWin64_Data/Mono/data-0000025B0C21FA60.dll
Fallback handler could not load library C:/Program Files (x86)/Steam/steamapps/common/RimWorld/RimWorldWin64_Data/Mono/data-0000025B06EEF4E0.dll
Fallback handler could not load library C:/Program Files (x86)/Steam/steamapps/common/RimWorld/RimWorldWin64_Data/Mono/data-0000025B0C238890.dll
Fallback handler could not load library C:/Program Files (x86)/Steam/steamapps/common/RimWorld/RimWorldWin64_Data/Mono/data-0000025B0C23D8A0.dll
Fallback handler could not load library C:/Program Files (x86)/Steam/steamapps/common/RimWorld/RimWorldWin64_Data/Mono/data-0000025B0C2402B0.dll
Fallback handler could not load library C:/Program Files (x86)/Steam/steamapps/common/RimWorld/RimWorldWin64_Data/Mono/data-0000025B0C2434C0.dll
Fallback handler could not load library C:/Program Files (x86)/Steam/steamapps/common/RimWorld/RimWorldWin64_Data/Mono/data-0000025B0C259AE0.dll
Fallback handler could not load library C:/Program Files (x86)/Steam/steamapps/common/RimWorld/RimWorldWin64_Data/Mono/data-0000025B0C270F00.dll
Fallback handler could not load library C:/Program Files (x86)/Steam/steamapps/common/RimWorld/RimWorldWin64_Data/Mono/data-0000025B0C28A520.dll
Fallback handler could not load library C:/Program Files (x86)/Steam/steamapps/common/RimWorld/RimWorldWin64_Data/Mono/data-0000025B0C28ED30.dll
Fallback handler could not load library C:/Program Files (x86)/Steam/steamapps/common/RimWorld/RimWorldWin64_Data/Mono/data-0000025B0C2A8750.dll
Fallback handler could not load library C:/Program Files (x86)/Steam/steamapps/common/RimWorld/RimWorldWin64_Data/Mono/data-0000025B0C2AE760.dll
Fallback handler could not load library C:/Program Files (x86)/Steam/steamapps/common/RimWorld/RimWorldWin64_Data/Mono/data-0000025B0C2B6970.dll
Fallback handler could not load library C:/Program Files (x86)/Steam/steamapps/common/RimWorld/RimWorldWin64_Data/Mono/data-0000025B0C2C2790.dll
Fallback handler could not load library C:/Program Files (x86)/Steam/steamapps/common/RimWorld/RimWorldWin64_Data/Mono/data-0000025B0C2C61A0.dll
Fallback handler could not load library C:/Program Files (x86)/Steam/steamapps/common/RimWorld/RimWorldWin64_Data/Mono/data-0000025B0C2CAFB0.dll
Fallback handler could not load library C:/Program Files (x86)/Steam/steamapps/common/RimWorld/RimWorldWin64_Data/Mono/data-0000025B0C2D8BD0.dll
Fallback handler could not load library C:/Program Files (x86)/Steam/steamapps/common/RimWorld/RimWorldWin64_Data/Mono/data-0000025B0C2E7FE0.dll
Fallback handler could not load library C:/Program Files (x86)/Steam/steamapps/common/RimWorld/RimWorldWin64_Data/Mono/data-0000025B0C3D6400.dll
Fallback handler could not load library C:/Program Files (x86)/Steam/steamapps/common/RimWorld/RimWorldWin64_Data/Mono/data-0000025B0C3E0820.dll
Fallback handler could not load library C:/Program Files (x86)/Steam/steamapps/common/RimWorld/RimWorldWin64_Data/Mono/data-0000025B0C4B3050.dll
Fallback handler could not load library C:/Program Files (x86)/Steam/steamapps/common/RimWorld/RimWorldWin64_Data/Mono/data-0000025B0C4BC670.dll
Fallback handler could not load library C:/Program Files (x86)/Steam/steamapps/common/RimWorld/RimWorldWin64_Data/Mono/data-0000025B0C4C9080.dll
Fallback handler could not load library C:/Program Files (x86)/Steam/steamapps/common/RimWorld/RimWorldWin64_Data/Mono/data-0000025B0C4F40B0.dll
Fallback handler could not load library C:/Program Files (x86)/Steam/steamapps/common/RimWorld/RimWorldWin64_Data/Mono/data-0000025B0C5F3AF0.dll
Fallback handler could not load library C:/Program Files (x86)/Steam/steamapps/common/RimWorld/RimWorldWin64_Data/Mono/data-0000025B0C65F010.dll
Fallback handler could not load library C:/Program Files (x86)/Steam/steamapps/common/RimWorld/RimWorldWin64_Data/Mono/data-0000025B0C660E20.dll
Fallback handler could not load library C:/Program Files (x86)/Steam/steamapps/common/RimWorld/RimWorldWin64_Data/Mono/data-0000025B0C66C840.dll
Fallback handler could not load library C:/Program Files (x86)/Steam/steamapps/common/RimWorld/RimWorldWin64_Data/Mono/data-0000025B0C75BA60.dll
Fallback handler could not load library C:/Program Files (x86)/Steam/steamapps/common/RimWorld/RimWorldWin64_Data/Mono/data-0000025B0C767470.dll
Fallback handler could not load library C:/Program Files (x86)/Steam/steamapps/common/RimWorld/RimWorldWin64_Data/Mono/data-0000025B07797090.dll
Fallback handler could not load library C:/Program Files (x86)/Steam/steamapps/common/RimWorld/RimWorldWin64_Data/Mono/data-0000025B0C842CA0.dll
Fallback handler could not load library C:/Program Files (x86)/Steam/steamapps/common/RimWorld/RimWorldWin64_Data/Mono/data-0000025B0C848CB0.dll
Fallback handler could not load library C:/Program Files (x86)/Steam/steamapps/common/RimWorld/RimWorldWin64_Data/Mono/data-0000025B0C84BCC0.dll
Fallback handler could not load library C:/Program Files (x86)/Steam/steamapps/common/RimWorld/RimWorldWin64_Data/Mono/data-0000025B0C8558F0.dll
Fallback handler could not load library C:/Program Files (x86)/Steam/steamapps/common/RimWorld/RimWorldWin64_Data/Mono/data-0000025B0C880910.dll
Fallback handler could not load library C:/Program Files (x86)/Steam/steamapps/common/RimWorld/RimWorldWin64_Data/Mono/data-0000025B0C899130.dll
Fallback handler could not load library C:/Program Files (x86)/Steam/steamapps/common/RimWorld/RimWorldWin64_Data/Mono/data-0000025B0C89FF40.dll
Fallback handler could not load library C:/Program Files (x86)/Steam/steamapps/common/RimWorld/RimWorldWin64_Data/Mono/data-0000025B0C8A2350.dll
Fallback handler could not load library C:/Program Files (x86)/Steam/steamapps/common/RimWorld/RimWorldWin64_Data/Mono/data-0000025B0C8D8170.dll
Fallback handler could not load library C:/Program Files (x86)/Steam/steamapps/common/RimWorld/RimWorldWin64_Data/Mono/data-0000025B0C8EF590.dll
Fallback handler could not load library C:/Program Files (x86)/Steam/steamapps/common/RimWorld/RimWorldWin64_Data/Mono/data-0000025B0C8FABC0.dll
Fallback handler could not load library C:/Program Files (x86)/Steam/steamapps/common/RimWorld/RimWorldWin64_Data/Mono/data-0000025B0C9109E0.dll
Fallback handler could not load library C:/Program Files (x86)/Steam/steamapps/common/RimWorld/RimWorldWin64_Data/Mono/data-0000025B0778A840.dll
Fallback handler could not load library C:/Program Files (x86)/Steam/steamapps/common/RimWorld/RimWorldWin64_Data/Mono/data-0000025B0C637820.dll
Fallback handler could not load library C:/Program Files (x86)/Steam/steamapps/common/RimWorld/RimWorldWin64_Data/Mono/data-0000025B0C93E610.dll
Fallback handler could not load library C:/Program Files (x86)/Steam/steamapps/common/RimWorld/RimWorldWin64_Data/Mono/data-0000025B0C948230.dll
Fallback handler could not load library C:/Program Files (x86)/Steam/steamapps/common/RimWorld/RimWorldWin64_Data/Mono/data-0000025B0C968850.dll
Fallback handler could not load library C:/Program Files (x86)/Steam/steamapps/common/RimWorld/RimWorldWin64_Data/Mono/data-0000025B0C96AE60.dll
Fallback handler could not load library C:/Program Files (x86)/Steam/steamapps/common/RimWorld/RimWorldWin64_Data/Mono/data-0000025B0CA52280.dll
Fallback handler could not load library C:/Program Files (x86)/Steam/steamapps/common/RimWorld/RimWorldWin64_Data/Mono/data-0000025B0CA63C90.dll
Fallback handler could not load library C:/Program Files (x86)/Steam/steamapps/common/RimWorld/RimWorldWin64_Data/Mono/data-0000025B0CA6B6A0.dll
Fallback handler could not load library C:/Program Files (x86)/Steam/steamapps/common/RimWorld/RimWorldWin64_Data/Mono/data-0000025B0CA6DAB0.dll
Fallback handler could not load library C:/Program Files (x86)/Steam/steamapps/common/RimWorld/RimWorldWin64_Data/Mono/data-0000025B0CE0E8D0.dll
Fallback handler could not load library C:/Program Files (x86)/Steam/steamapps/common/RimWorld/RimWorldWin64_Data/Mono/data-0000025B0CF27900.dll
Fallback handler could not load library C:/Program Files (x86)/Steam/steamapps/common/RimWorld/RimWorldWin64_Data/Mono/data-0000025B0D0AD820.dll
Fallback handler could not load library C:/Program Files (x86)/Steam/steamapps/common/RimWorld/RimWorldWin64_Data/Mono/data-0000025B0D0B5630.dll
Fallback handler could not load library C:/Program Files (x86)/Steam/steamapps/common/RimWorld/RimWorldWin64_Data/Mono/data-0000025B0CA7B6C0.dll
Fallback handler could not load library C:/Program Files (x86)/Steam/steamapps/common/RimWorld/RimWorldWin64_Data/Mono/data-0000025B0D0C1240.dll
Fallback handler could not load library C:/Program Files (x86)/Steam/steamapps/common/RimWorld/RimWorldWin64_Data/Mono/data-0000025B0D0C3850.dll
Fallback handler could not load library C:/Program Files (x86)/Steam/steamapps/common/RimWorld/RimWorldWin64_Data/Mono/data-0000025B0D1B8890.dll
Fallback handler could not load library C:/Program Files (x86)/Steam/steamapps/common/RimWorld/RimWorldWin64_Data/Mono/data-0000025B0D1C28A0.dll
Fallback handler could not load library C:/Program Files (x86)/Steam/steamapps/common/RimWorld/RimWorldWin64_Data/Mono/data-0000025B0D1C5AB0.dll
Fallback handler could not load library C:/Program Files (x86)/Steam/steamapps/common/RimWorld/RimWorldWin64_Data/Mono/data-0000025B0D1CAEC0.dll
Fallback handler could not load library C:/Program Files (x86)/Steam/steamapps/common/RimWorld/RimWorldWin64_Data/Mono/data-0000025B0D1F6EF0.dll
Fallback handler could not load library C:/Program Files (x86)/Steam/steamapps/common/RimWorld/RimWorldWin64_Data/Mono/data-0000025B0D221120.dll
Fallback handler could not load library C:/Program Files (x86)/Steam/steamapps/common/RimWorld/RimWorldWin64_Data/Mono/data-0000025B06EEE0D0.dll
Fallback handler could not load library C:/Program Files (x86)/Steam/steamapps/common/RimWorld/RimWorldWin64_Data/Mono/data-0000025B0CFA8E70.dll
Fallback handler could not load library C:/Program Files (x86)/Steam/steamapps/common/RimWorld/RimWorldWin64_Data/Mono/data-0000025B0D27C180.dll
Fallback handler could not load library C:/Program Files (x86)/Steam/steamapps/common/RimWorld/RimWorldWin64_Data/Mono/data-0000025B0D288F90.dll
Fallback handler could not load library C:/Program Files (x86)/Steam/steamapps/common/RimWorld/RimWorldWin64_Data/Mono/data-0000025B0D29B5B0.dll
Fallback handler could not load library C:/Program Files (x86)/Steam/steamapps/common/RimWorld/RimWorldWin64_Data/Mono/data-0000025B0D2A41C0.dll
Fallback handler could not load library C:/Program Files (x86)/Steam/steamapps/common/RimWorld/RimWorldWin64_Data/Mono/data-0000025B0D2AFDE0.dll
Fallback handler could not load library C:/Program Files (x86)/Steam/steamapps/common/RimWorld/RimWorldWin64_Data/Mono/data-0000025B0D37D200.dll
Fallback handler could not load library C:/Program Files (x86)/Steam/steamapps/common/RimWorld/RimWorldWin64_Data/Mono/data-0000025B0D383410.dll
Fallback handler could not load library C:/Program Files (x86)/Steam/steamapps/common/RimWorld/RimWorldWin64_Data/Mono/data-0000025B0D38B220.dll
Fallback handler could not load library C:/Program Files (x86)/Steam/steamapps/common/RimWorld/RimWorldWin64_Data/Mono/data-0000025B0D472040.dll
Fallback handler could not load library C:/Program Files (x86)/Steam/steamapps/common/RimWorld/RimWorldWin64_Data/Mono/data-0000025B0D47CC60.dll
Fallback handler could not load library C:/Program Files (x86)/Steam/steamapps/common/RimWorld/RimWorldWin64_Data/Mono/data-0000025B0D563290.dll
Fallback handler could not load library C:/Program Files (x86)/Steam/steamapps/common/RimWorld/RimWorldWin64_Data/Mono/data-0000025B0D56EEA0.dll
Fallback handler could not load library C:/Program Files (x86)/Steam/steamapps/common/RimWorld/RimWorldWin64_Data/Mono/data-0000025B0D5964C0.dll
Fallback handler could not load library C:/Program Files (x86)/Steam/steamapps/common/RimWorld/RimWorldWin64_Data/Mono/data-0000025B0D5980D0.dll
Fallback handler could not load library C:/Program Files (x86)/Steam/steamapps/common/RimWorld/RimWorldWin64_Data/Mono/data-0000025B0D5BE100.dll
Fallback handler could not load library C:/Program Files (x86)/Steam/steamapps/common/RimWorld/RimWorldWin64_Data/Mono/data-0000025AE1B62AF0.dll
Fallback handler could not load library C:/Program Files (x86)/Steam/steamapps/common/RimWorld/RimWorldWin64_Data/Mono/data-0000025B0D699740.dll
Fallback handler could not load library C:/Program Files (x86)/Steam/steamapps/common/RimWorld/RimWorldWin64_Data/Mono/data-0000025B0D6AA170.dll
Fallback handler could not load library C:/Program Files (x86)/Steam/steamapps/common/RimWorld/RimWorldWin64_Data/Mono/data-0000025B0D6C6790.dll
Fallback handler could not load library C:/Program Files (x86)/Steam/steamapps/common/RimWorld/RimWorldWin64_Data/Mono/data-0000025B0D6E37B0.dll
Fallback handler could not load library C:/Program Files (x86)/Steam/steamapps/common/RimWorld/RimWorldWin64_Data/Mono/data-0000025B0D6E75C0.dll
Fallback handler could not load library C:/Program Files (x86)/Steam/steamapps/common/RimWorld/RimWorldWin64_Data/Mono/data-0000025B0D7135F0.dll
Fallback handler could not load library C:/Program Files (x86)/Steam/steamapps/common/RimWorld/RimWorldWin64_Data/Mono/data-0000025B0D817410.dll
Fallback handler could not load library C:/Program Files (x86)/Steam/steamapps/common/RimWorld/RimWorldWin64_Data/Mono/data-0000025B0D820420.dll
Fallback handler could not load library C:/Program Files (x86)/Steam/steamapps/common/RimWorld/RimWorldWin64_Data/Mono/data-0000025B0CFBCF10.dll
Fallback handler could not load library C:/Program Files (x86)/Steam/steamapps/common/RimWorld/RimWorldWin64_Data/Mono/data-0000025B0700E0B0.dll
Fallback handler could not load library C:/Program Files (x86)/Steam/steamapps/common/RimWorld/RimWorldWin64_Data/Mono/data-0000025B0D82C450.dll
Fallback handler could not load library C:/Program Files (x86)/Steam/steamapps/common/RimWorld/RimWorldWin64_Data/Mono/data-0000025B0D833460.dll
Fallback handler could not load library C:/Program Files (x86)/Steam/steamapps/common/RimWorld/RimWorldWin64_Data/Mono/data-0000025B0D85F010.dll
Fallback handler could not load library C:/Program Files (x86)/Steam/steamapps/common/RimWorld/RimWorldWin64_Data/Mono/data-0000025B0D86A820.dll
Fallback handler could not load library C:/Program Files (x86)/Steam/steamapps/common/RimWorld/RimWorldWin64_Data/Mono/data-0000025B0D86F230.dll
Fallback handler could not load library C:/Program Files (x86)/Steam/steamapps/common/RimWorld/RimWorldWin64_Data/Mono/data-0000025B0D880060.dll
Fallback handler could not load library C:/Program Files (x86)/Steam/steamapps/common/RimWorld/RimWorldWin64_Data/Mono/data-0000025B0D8A4070.dll
Fallback handler could not load library C:/Program Files (x86)/Steam/steamapps/common/RimWorld/RimWorldWin64_Data/Mono/data-0000025B0D8B3080.dll
Fallback handler could not load library C:/Program Files (x86)/Steam/steamapps/common/RimWorld/RimWorldWin64_Data/Mono/data-0000025B0D8C70A0.dll
Fallback handler could not load library C:/Program Files (x86)/Steam/steamapps/common/RimWorld/RimWorldWin64_Data/Mono/data-0000025B0D8C92B0.dll
Fallback handler could not load library C:/Program Files (x86)/Steam/steamapps/common/RimWorld/RimWorldWin64_Data/Mono/data-0000025B0D8E02D0.dll
Fallback handler could not load library C:/Program Files (x86)/Steam/steamapps/common/RimWorld/RimWorldWin64_Data/Mono/data-0000025B0D8EA2E0.dll
Fallback handler could not load library C:/Program Files (x86)/Steam/steamapps/common/RimWorld/RimWorldWin64_Data/Mono/data-0000025B0D8F02F0.dll
Fallback handler could not load library C:/Program Files (x86)/Steam/steamapps/common/RimWorld/RimWorldWin64_Data/Mono/data-0000025B0D8F6300.dll
Fallback handler could not load library C:/Program Files (x86)/Steam/steamapps/common/RimWorld/RimWorldWin64_Data/Mono/data-0000025B0D901520.dll
Fallback handler could not load library C:/Program Files (x86)/Steam/steamapps/common/RimWorld/RimWorldWin64_Data/Mono/data-0000025B070120C0.dll
Fallback handler could not load library C:/Program Files (x86)/Steam/steamapps/common/RimWorld/RimWorldWin64_Data/Mono/data-0000025B0D919140.dll
Fallback handler could not load library C:/Program Files (x86)/Steam/steamapps/common/RimWorld/RimWorldWin64_Data/Mono/data-0000025B0D922150.dll
Fallback handler could not load library C:/Program Files (x86)/Steam/steamapps/common/RimWorld/RimWorldWin64_Data/Mono/data-0000025B070160D0.dll
Fallback handler could not load library C:/Program Files (x86)/Steam/steamapps/common/RimWorld/RimWorldWin64_Data/Mono/data-0000025B0D927160.dll
Fallback handler could not load library C:/Program Files (x86)/Steam/steamapps/common/RimWorld/RimWorldWin64_Data/Mono/data-0000025B0D928D70.dll
Fallback handler could not load library C:/Program Files (x86)/Steam/steamapps/common/RimWorld/RimWorldWin64_Data/Mono/data-0000025B0D92D590.dll
Fallback handler could not load library C:/Program Files (x86)/Steam/steamapps/common/RimWorld/RimWorldWin64_Data/Mono/data-0000025B0D92E7A0.dll
Fallback handler could not load library C:/Program Files (x86)/Steam/steamapps/common/RimWorld/RimWorldWin64_Data/Mono/data-0000025B0D931FB0.dll
Fallback handler could not load library C:/Program Files (x86)/Steam/steamapps/common/RimWorld/RimWorldWin64_Data/Mono/data-0000025B0D9343D0.dll
Fallback handler could not load library C:/Program Files (x86)/Steam/steamapps/common/RimWorld/RimWorldWin64_Data/Mono/data-0000025B0D9375E0.dll
Fallback handler could not load library C:/Program Files (x86)/Steam/steamapps/common/RimWorld/RimWorldWin64_Data/Mono/data-0000025B0D93CFF0.dll
Fallback handler could not load library C:/Program Files (x86)/Steam/steamapps/common/RimWorld/RimWorldWin64_Data/Mono/data-0000025B0CFBEF20.dll
Fallback handler could not load library C:/Program Files (x86)/Steam/steamapps/common/RimWorld/RimWorldWin64_Data/Mono/data-0000025B0D970640.dll
Fallback handler could not load library C:/Program Files (x86)/Steam/steamapps/common/RimWorld/RimWorldWin64_Data/Mono/data-0000025B0D972C50.dll
Fallback handler could not load library C:/Program Files (x86)/Steam/steamapps/common/RimWorld/RimWorldWin64_Data/Mono/data-0000025B0D980C60.dll
Fallback handler could not load library C:/Program Files (x86)/Steam/steamapps/common/RimWorld/RimWorldWin64_Data/Mono/data-0000025B0D987670.dll
Fallback handler could not load library C:/Program Files (x86)/Steam/steamapps/common/RimWorld/RimWorldWin64_Data/Mono/data-0000025B0D98EA80.dll
Fallback handler could not load library C:/Program Files (x86)/Steam/steamapps/common/RimWorld/RimWorldWin64_Data/Mono/data-0000025B0D995290.dll
Fallback handler could not load library C:/Program Files (x86)/Steam/steamapps/common/RimWorld/RimWorldWin64_Data/Mono/data-0000025B0D99A6A0.dll
Fallback handler could not load library C:/Program Files (x86)/Steam/steamapps/common/RimWorld/RimWorldWin64_Data/Mono/data-0000025B0D9A06B0.dll
Fallback handler could not load library C:/Program Files (x86)/Steam/steamapps/common/RimWorld/RimWorldWin64_Data/Mono/data-0000025B0D9A60C0.dll
Fallback handler could not load library C:/Program Files (x86)/Steam/steamapps/common/RimWorld/RimWorldWin64_Data/Mono/data-0000025B0D9B08D0.dll
Fallback handler could not load library C:/Program Files (x86)/Steam/steamapps/common/RimWorld/RimWorldWin64_Data/Mono/data-0000025B0D9C2AF0.dll
Fallback handler could not load library C:/Program Files (x86)/Steam/steamapps/common/RimWorld/RimWorldWin64_Data/Mono/data-0000025B0D9CAB00.dll
Fallback handler could not load library C:/Program Files (x86)/Steam/steamapps/common/RimWorld/RimWorldWin64_Data/Mono/data-0000025B0D9EBF20.dll
Fallback handler could not load library C:/Program Files (x86)/Steam/steamapps/common/RimWorld/RimWorldWin64_Data/Mono/data-0000025B0DA03940.dll
Fallback handler could not load library C:/Program Files (x86)/Steam/steamapps/common/RimWorld/RimWorldWin64_Data/Mono/data-0000025B0DA05F50.dll
Fallback handler could not load library C:/Program Files (x86)/Steam/steamapps/common/RimWorld/RimWorldWin64_Data/Mono/data-0000025B0DA43180.dll
Fallback handler could not load library C:/Program Files (x86)/Steam/steamapps/common/RimWorld/RimWorldWin64_Data/Mono/data-0000025B0DB73CC0.dll
Fallback handler could not load library C:/Program Files (x86)/Steam/steamapps/common/RimWorld/RimWorldWin64_Data/Mono/data-0000025B0DB794D0.dll
Fallback handler could not load library C:/Program Files (x86)/Steam/steamapps/common/RimWorld/RimWorldWin64_Data/Mono/data-0000025B0DA4BF90.dll
Fallback handler could not load library C:/Program Files (x86)/Steam/steamapps/common/RimWorld/RimWorldWin64_Data/Mono/data-0000025B0DA4D7A0.dll
Fallback handler could not load library C:/Program Files (x86)/Steam/steamapps/common/RimWorld/RimWorldWin64_Data/Mono/data-0000025B0DB7F4E0.dll
Fallback handler could not load library C:/Program Files (x86)/Steam/steamapps/common/RimWorld/RimWorldWin64_Data/Mono/data-0000025B0779E8C0.dll
Fallback handler could not load library C:/Program Files (x86)/Steam/steamapps/common/RimWorld/RimWorldWin64_Data/Mono/data-0000025B0DB80CF0.dll
Fallback handler could not load library C:/Program Files (x86)/Steam/steamapps/common/RimWorld/RimWorldWin64_Data/Mono/data-0000025B0DB81F00.dll
Fallback handler could not load library C:/Program Files (x86)/Steam/steamapps/common/RimWorld/RimWorldWin64_Data/Mono/data-0000025B0DB3C960.dll
Fallback handler could not load library C:/Program Files (x86)/Steam/steamapps/common/RimWorld/RimWorldWin64_Data/Mono/data-0000025B0DB84B10.dll
Fallback handler could not load library C:/Program Files (x86)/Steam/steamapps/common/RimWorld/RimWorldWin64_Data/Mono/data-0000025B0DB8F550.dll
Fallback handler could not load library C:/Program Files (x86)/Steam/steamapps/common/RimWorld/RimWorldWin64_Data/Mono/data-0000025B0DB99560.dll
Fallback handler could not load library C:/Program Files (x86)/Steam/steamapps/common/RimWorld/RimWorldWin64_Data/Mono/data-0000025B0DBAC570.dll
Fallback handler could not load library C:/Program Files (x86)/Steam/steamapps/common/RimWorld/RimWorldWin64_Data/Mono/data-0000025B0DBD35A0.dll
Fallback handler could not load library C:/Program Files (x86)/Steam/steamapps/common/RimWorld/RimWorldWin64_Data/Mono/data-0000025B0DBED7B0.dll
Fallback handler could not load library C:/Program Files (x86)/Steam/steamapps/common/RimWorld/RimWorldWin64_Data/Mono/data-0000025B0DBF13C0.dll
Fallback handler could not load library C:/Program Files (x86)/Steam/steamapps/common/RimWorld/RimWorldWin64_Data/Mono/data-0000025B0DBF35D0.dll
Fallback handler could not load library C:/Program Files (x86)/Steam/steamapps/common/RimWorld/RimWorldWin64_Data/Mono/data-0000025B0DBF89E0.dll
Fallback handler could not load library C:/Program Files (x86)/Steam/steamapps/common/RimWorld/RimWorldWin64_Data/Mono/data-0000025B0DC00FF0.dll
Fallback handler could not load library C:/Program Files (x86)/Steam/steamapps/common/RimWorld/RimWorldWin64_Data/Mono/data-0000025B0DD15420.dll
Fallback handler could not load library C:/Program Files (x86)/Steam/steamapps/common/RimWorld/RimWorldWin64_Data/Mono/data-0000025B0DD19830.dll
Fallback handler could not load library C:/Program Files (x86)/Steam/steamapps/common/RimWorld/RimWorldWin64_Data/Mono/data-0000025B0DD21440.dll
Fallback handler could not load library C:/Program Files (x86)/Steam/steamapps/common/RimWorld/RimWorldWin64_Data/Mono/data-0000025B0DD24250.dll
Fallback handler could not load library C:/Program Files (x86)/Steam/steamapps/common/RimWorld/RimWorldWin64_Data/Mono/data-0000025B0DD47470.dll
Fallback handler could not load library C:/Program Files (x86)/Steam/steamapps/common/RimWorld/RimWorldWin64_Data/Mono/data-0000025B0DD48A80.dll
Fallback handler could not load library C:/Program Files (x86)/Steam/steamapps/common/RimWorld/RimWorldWin64_Data/Mono/data-0000025B0DD4A890.dll
Fallback handler could not load library C:/Program Files (x86)/Steam/steamapps/common/RimWorld/RimWorldWin64_Data/Mono/data-0000025B0DD56AB0.dll
Fallback handler could not load library C:/Program Files (x86)/Steam/steamapps/common/RimWorld/RimWorldWin64_Data/Mono/data-0000025B0DD588C0.dll
Fallback handler could not load library C:/Program Files (x86)/Steam/steamapps/common/RimWorld/RimWorldWin64_Data/Mono/data-0000025B0DD8B190.dll
Fallback handler could not load library C:/Program Files (x86)/Steam/steamapps/common/RimWorld/RimWorldWin64_Data/Mono/data-0000025B077998A0.dll
Fallback handler could not load library C:/Program Files (x86)/Steam/steamapps/common/RimWorld/RimWorldWin64_Data/Mono/data-0000025B0DDC1010.dll
Fallback handler could not load library C:/Program Files (x86)/Steam/steamapps/common/RimWorld/RimWorldWin64_Data/Mono/data-0000025B0DDD5C30.dll
Fallback handler could not load library C:/Program Files (x86)/Steam/steamapps/common/RimWorld/RimWorldWin64_Data/Mono/data-0000025B0DDD8240.dll
Fallback handler could not load library C:/Program Files (x86)/Steam/steamapps/common/RimWorld/RimWorldWin64_Data/Mono/data-0000025B0DE6CDD0.dll
Fallback handler could not load library C:/Program Files (x86)/Steam/steamapps/common/RimWorld/RimWorldWin64_Data/Mono/data-0000025B0DE717E0.dll
Fallback handler could not load library C:/Program Files (x86)/Steam/steamapps/common/RimWorld/RimWorldWin64_Data/Mono/data-0000025B07002080.dll
Fallback handler could not load library C:/Program Files (x86)/Steam/steamapps/common/RimWorld/RimWorldWin64_Data/Mono/data-0000025B0DE96200.dll
Fallback handler could not load library C:/Program Files (x86)/Steam/steamapps/common/RimWorld/RimWorldWin64_Data/Mono/data-0000025B0DF55A20.dll
Fallback handler could not load library C:/Program Files (x86)/Steam/steamapps/common/RimWorld/RimWorldWin64_Data/Mono/data-0000025B0DF57C30.dll
Fallback handler could not load library C:/Program Files (x86)/Steam/steamapps/common/RimWorld/RimWorldWin64_Data/Mono/data-0000025B0DF62C50.dll
Fallback handler could not load library C:/Program Files (x86)/Steam/steamapps/common/RimWorld/RimWorldWin64_Data/Mono/data-0000025AE1B65B20.dll
Fallback handler could not load library C:/Program Files (x86)/Steam/steamapps/common/RimWorld/RimWorldWin64_Data/Mono/data-0000025B0DF6E460.dll
Fallback handler could not load library C:/Program Files (x86)/Steam/steamapps/common/RimWorld/RimWorldWin64_Data/Mono/data-0000025B0DF91490.dll
Fallback handler could not load library C:/Program Files (x86)/Steam/steamapps/common/RimWorld/RimWorldWin64_Data/Mono/data-0000025B0DF998A0.dll
Fallback handler could not load library C:/Program Files (x86)/Steam/steamapps/common/RimWorld/RimWorldWin64_Data/Mono/data-0000025B0DF9C4B0.dll
Fallback handler could not load library C:/Program Files (x86)/Steam/steamapps/common/RimWorld/RimWorldWin64_Data/Mono/data-0000025B0DF9E6C0.dll
Fallback handler could not load library C:/Program Files (x86)/Steam/steamapps/common/RimWorld/RimWorldWin64_Data/Mono/data-0000025B0DFA3ED0.dll
Fallback handler could not load library C:/Program Files (x86)/Steam/steamapps/common/RimWorld/RimWorldWin64_Data/Mono/data-0000025B0E0707A0.dll
Fallback handler could not load library C:/Program Files (x86)/Steam/steamapps/common/RimWorld/RimWorldWin64_Data/Mono/data-0000025B0E07AD10.dll
Fallback handler could not load library C:/Program Files (x86)/Steam/steamapps/common/RimWorld/RimWorldWin64_Data/Mono/data-0000025B0779C0B0.dll
Fallback handler could not load library C:/Program Files (x86)/Steam/steamapps/common/RimWorld/RimWorldWin64_Data/Mono/data-0000025B06B43FE0.dll
Fallback handler could not load library C:/Program Files (x86)/Steam/steamapps/common/RimWorld/RimWorldWin64_Data/Mono/data-0000025B0E3FD0A0.dll
[VBE] RimThemes detected, activating compatibility...
[VBE] Unpatching RimThemes background patch...
[HugsLib] version 10.0.1
Fallback handler could not load library C:/Program Files (x86)/Steam/steamapps/common/RimWorld/RimWorldWin64_Data/Mono/data-0000025B0F39A010.dll
[HugsLib] early-initializing AllowTool
<color=#34eb92>[Simple Personalities]</color> Hello, world!
<color=#34eb92>[Simple Personalities M2]</color> Module 2 reporting for duty!
PATCHALL
RimSaves NX
RimThemes NX
DubsMintMenus v1.3.995
[VanillaAchievementsExpanded] version 1.4.8315
2.0.8479 ::
[V1024-EBF] Super-early patching of DamageWorker_Blunt. This is to handle a known edge-case. Remaining patches of this mod will still be done at the usual, appropriate moments.
[1.3]Graphics Setter - Loaded
Fallback handler could not load library C:/Program Files (x86)/Steam/steamapps/common/RimWorld/RimWorldWin64_Data/Mono/data-0000025B1154E020.dll
DubsPaintShop 1.2.623
DubsBreakMod 1.0.1350
Dubs Mint Minimap 1.3.787
Rimatomics 1.7.2500
Dubs Skylight 1.5.2110
FactionCustomizer is successfully initialized!
Fallback handler could not load library C:/Program Files (x86)/Steam/steamapps/common/RimWorld/RimWorldWin64_Data/Mono/data-0000025B353C4010.dll
Fallback handler could not load library C:/Program Files (x86)/Steam/steamapps/common/RimWorld/RimWorldWin64_Data/Mono/data-0000025B10D71040.dll
Fallback handler could not load library C:/Program Files (x86)/Steam/steamapps/common/RimWorld/RimWorldWin64_Data/Mono/data-0000025B10DA6460.dll
Fallback handler could not load library C:/Program Files (x86)/Steam/steamapps/common/RimWorld/RimWorldWin64_Data/Mono/data-0000025B10DD8A70.dll
Fallback handler could not load library C:/Program Files (x86)/Steam/steamapps/common/RimWorld/RimWorldWin64_Data/Mono/data-0000025B1110B020.dll
Fallback handler could not load library C:/Program Files (x86)/Steam/steamapps/common/RimWorld/RimWorldWin64_Data/Mono/data-0000025B11127010.dll
Initialized OmniCoreDrill patches
Project RimFactory Core 1.0.0.0 - Harmony patches successful
Project Rimfactory - Added Support for QualityBuilder
[Altered Carbon: Ultratech Unleashed] version 4.3-ortega-rev4
[SafePatcher]The xPath: "Defs/ThingDef[defName="GD_MSSS"]" not found 
(Filename: C:\buildslave\unity\build\Runtime/Export/Debug/Debug.bindings.h Line: 39)

[SafePatcher]The xPath: "Defs/ThingDef[defName="GD_MSSS"]" not found 
(Filename: C:\buildslave\unity\build\Runtime/Export/Debug/Debug.bindings.h Line: 39)

[SafePatcher]The xPath: "Defs/ThingDef[defName="GD_INGrenadeLauncher"]" not found 
(Filename: C:\buildslave\unity\build\Runtime/Export/Debug/Debug.bindings.h Line: 39)

[SafePatcher]The xPath: "Defs/ThingDef[defName="GD_SKGrenadeLauncher"]" not found 
(Filename: C:\buildslave\unity\build\Runtime/Export/Debug/Debug.bindings.h Line: 39)

[SafePatcher]The xPath: "Defs/ThingDef[defName="GD_BSLauncher"]" not found 
(Filename: C:\buildslave\unity\build\Runtime/Export/Debug/Debug.bindings.h Line: 39)

LWM Deep Storage: activated compatibility patch for Vanilla Cooking Expanded
Tried to use an uninitialized DefOf of type DamageDefOf. DefOfs are initialized right after all defs all loaded. Uninitialized DefOfs will return only nulls. (hint: don't use DefOfs as default field values in Defs, try to resolve them in ResolveReferences() instead) Debug info: DirectXmlToObject is currently instantiating an object of type Fortification.AlongWayDamage_CompProperties 
(Filename: C:\buildslave\unity\build\Runtime/Export/Debug/Debug.bindings.h Line: 39)

Tried to use an uninitialized DefOf of type RulePackDefOf. DefOfs are initialized right after all defs all loaded. Uninitialized DefOfs will return only nulls. (hint: don't use DefOfs as default field values in Defs, try to resolve them in ResolveReferences() instead) Debug info: DirectXmlToObject is currently instantiating an object of type MaruTrapArbitrarySetting.MaruTrapDamageDef 
(Filename: C:\buildslave\unity\build\Runtime/Export/Debug/Debug.bindings.h Line: 39)

Parsed 8.5 as int. 
(Filename: C:\buildslave\unity\build\Runtime/Export/Debug/Debug.bindings.h Line: 39)

Could not resolve cross-reference: No Verse.SoundDef named MR_PulseT found to give to Verse.SkyfallerProperties Verse.SkyfallerProperties (using undefined sound instead) 
(Filename: C:\buildslave\unity\build\Runtime/Export/Debug/Debug.bindings.h Line: 39)

Could not resolve cross-reference to Verse.ThingDef named EVOR_Item_Tail_Blade (wanter=thingDefs) 
(Filename: C:\buildslave\unity\build\Runtime/Export/Debug/Debug.bindings.h Line: 39)

Could not resolve cross-reference to Verse.ThingDef named EVOR_Item_Tail_Blade (wanter=thingDefs) 
(Filename: C:\buildslave\unity\build\Runtime/Export/Debug/Debug.bindings.h Line: 39)

Could not resolve cross-reference: No Verse.HediffDef named EVOR_Hediff_Tail_Blade found to give to Verse.RecipeDef EVOR_Surgery_Tail_Blade_Nyaron 
(Filename: C:\buildslave\unity\build\Runtime/Export/Debug/Debug.bindings.h Line: 39)

Could not resolve cross-reference to Verse.ThingDef named EVOR_Item_Tail_Hand (wanter=thingDefs) 
(Filename: C:\buildslave\unity\build\Runtime/Export/Debug/Debug.bindings.h Line: 39)

Could not resolve cross-reference to Verse.ThingDef named EVOR_Item_Tail_Hand (wanter=thingDefs) 
(Filename: C:\buildslave\unity\build\Runtime/Export/Debug/Debug.bindings.h Line: 39)

Could not resolve cross-reference: No Verse.HediffDef named EVOR_Hediff_Tail_Hand found to give to Verse.RecipeDef EVOR_Surgery_Tail_Hand_Nyaron 
(Filename: C:\buildslave\unity\build\Runtime/Export/Debug/Debug.bindings.h Line: 39)

Could not resolve cross-reference to Verse.ThingDef named EVOR_Item_Tail_Blade (wanter=thingDefs) 
(Filename: C:\buildslave\unity\build\Runtime/Export/Debug/Debug.bindings.h Line: 39)

Could not resolve cross-reference to Verse.ThingDef named EVOR_Item_Tail_Blade (wanter=thingDefs) 
(Filename: C:\buildslave\unity\build\Runtime/Export/Debug/Debug.bindings.h Line: 39)

Could not resolve cross-reference: No Verse.HediffDef named EVOR_Hediff_Tail_Blade found to give to Verse.RecipeDef EVOR_Surgery_Tail_Blade_Rakkle 
(Filename: C:\buildslave\unity\build\Runtime/Export/Debug/Debug.bindings.h Line: 39)

Could not resolve cross-reference to Verse.ThingDef named EVOR_Item_Tail_Hand (wanter=thingDefs) 
(Filename: C:\buildslave\unity\build\Runtime/Export/Debug/Debug.bindings.h Line: 39)

Could not resolve cross-reference to Verse.ThingDef named EVOR_Item_Tail_Hand (wanter=thingDefs) 
(Filename: C:\buildslave\unity\build\Runtime/Export/Debug/Debug.bindings.h Line: 39)

Could not resolve cross-reference: No Verse.HediffDef named EVOR_Hediff_Tail_Hand found to give to Verse.RecipeDef EVOR_Surgery_Tail_Hand_Rakkle 
(Filename: C:\buildslave\unity\build\Runtime/Export/Debug/Debug.bindings.h Line: 39)

[MadSkills]: changed behavior of Great Memory trait.
Mod RimPy Mod Manager Database did not load any content. Following load folders were used:
  - C:\Program Files (x86)\Steam\steamapps\workshop\content\294100\1847679158 
(Filename: C:\buildslave\unity\build\Runtime/Export/Debug/Debug.bindings.h Line: 39)

[RimHUD v1.11.3] Initialized
startIndex: 28
endIndex: 36
Start: newobj System.Void System.Text.StringBuilder::.ctor()
End:callvirt virtual System.String System.Object::ToString()
Start: stloc.1 NULL
End:br.s Label4
Translation data for language English has 89 errors. Generate translation report for more info. 
(Filename: C:\buildslave\unity\build\Runtime/Export/Debug/Debug.bindings.h Line: 39)

Universum (v1.7.2) has successfully loaded.
        10 utilities found
        39 biomes found, 14 configurations found
        843 terrains found, 3 configurations found
        542 genes found, 0 configurations found
RimNauts 2 (v4.15.0) has successfully loaded.
        16 defs found
        AssetBundle loading has finished, found windows platform
Facial Animation : Enable Compatibility with HatsDisplaySelection
NepSmallerTurbines Loaded
NepSmallerTurbines Setting Value of Tweakable RimWorld.CompPowerPlantWind BladeWidth to 4
LWM Update: stable(ish) 1.4
LWM.DeepStorage: Making Shelf, ShelfSmall, Hopper, VFEA_SuperNaniteContainment, VFES_AmmoCrate, Shelf_WeaponRack into Deep Storage
[KCSG] Fortification Industrial - Citadel contains 2 missing symbols. 
(Filename: C:\buildslave\unity\build\Runtime/Export/Debug/Debug.bindings.h Line: 39)

Registered 678 pawnKinds for tweak_pregnancyChanceEditedPawnKinds.
Loaded with 542 total GeneDefs registered.
AlphaMemes Transpiler on Ideo:ExposeData could not find hook 
(Filename: C:\buildslave\unity\build\Runtime/Export/Debug/Debug.bindings.h Line: 39)

Textures were not found for one or more extended graphics, enable devmode for more information
Textures were not found for one or more extended graphics, enable devmode for more information
Textures were not found for one or more extended graphics, enable devmode for more information
Textures were not found for one or more extended graphics, enable devmode for more information
Textures were not found for one or more extended graphics, enable devmode for more information
Textures were not found for one or more extended graphics, enable devmode for more information
Textures were not found for one or more extended graphics, enable devmode for more information
Textures were not found for one or more extended graphics, enable devmode for more information
Textures were not found for one or more extended graphics, enable devmode for more information
Textures were not found for one or more extended graphics, enable devmode for more information
Textures were not found for one or more extended graphics, enable devmode for more information
Textures were not found for one or more extended graphics, enable devmode for more information
Textures were not found for one or more extended graphics, enable devmode for more information
Textures were not found for one or more extended graphics, enable devmode for more information
Textures were not found for one or more extended graphics, enable devmode for more information
Textures were not found for one or more extended graphics, enable devmode for more information
Textures were not found for one or more extended graphics, enable devmode for more information
Textures were not found for one or more extended graphics, enable devmode for more information
Textures were not found for one or more extended graphics, enable devmode for more information
Textures were not found for one or more extended graphics, enable devmode for more information
Textures were not found for one or more extended graphics, enable devmode for more information
Textures were not found for one or more extended graphics, enable devmode for more information
Textures were not found for one or more extended graphics, enable devmode for more information
Textures were not found for one or more extended graphics, enable devmode for more information
Textures were not found for one or more extended graphics, enable devmode for more information
Textures were not found for one or more extended graphics, enable devmode for more information
Textures were not found for one or more extended graphics, enable devmode for more information
Textures were not found for one or more extended graphics, enable devmode for more information
Textures were not found for one or more extended graphics, enable devmode for more information
Textures were not found for one or more extended graphics, enable devmode for more information
Textures were not found for one or more extended graphics, enable devmode for more information
Textures were not found for one or more extended graphics, enable devmode for more information
Textures were not found for one or more extended graphics, enable devmode for more information
Textures were not found for one or more extended graphics, enable devmode for more information
Textures were not found for one or more extended graphics, enable devmode for more information
Textures were not found for one or more extended graphics, enable devmode for more information
Alien race successfully completed 221 patches with harmony.
Androids: Fixing surgery recipes for Droids.
Androids: Fixing belts whitelist for AlienRace.ThingDef_AlienRace with defName='ChjBattleDroid'.
ApparelBodyTypeResolver Patched
[ArchotechPlus] Patched Hediff applyer
Biotech Expansion - Core Loaded!
Biotech Expansion - Mammalia Loaded!
Biotech Expansion - Mythic Loaded!
[CMColorCodedMoodBar] CMColorCodedMoodBar 1.4.3607.2 initialized
[SRTS Expanded] Compatibility with Save our Ship 2 and Combat Extended are temporarily disabled at the moment. SoS2 compatibility will happen soon(ish), CE compatibility will not. 
(Filename: C:\buildslave\unity\build\Runtime/Export/Debug/Debug.bindings.h Line: 39)

[Clean Pathfinding] the mod Haplo.Miscellaneous.Robots is partially incompatible. The 'road attraction' calculations will be skipped. 
(Filename: C:\buildslave\unity\build\Runtime/Export/Debug/Debug.bindings.h Line: 39)

End of code
Damage Indicators initialized.
[XML Extensions] Initialized 2 SettingsMenuDef(s) and found 195 unused key(s) from 4 mod(s)
[XML Extensions] 3632 total patches run in 17290ms, 0 failed
[TrueTerrainColors v1.12.6] Loaded cached true colors for 1145 terrain defs from file.
[Holsters] Groups initialised.
[Map Designer for 1.3] Initializing.... 
Found Map Reroll
[Map Designer] Finding biomes...
[Map Designer] Applying settings
[Map Designer] Terrain settings: Default
MoharFW.MoharGfx patched Mote.SpawnSetup successfully.
MoharFW OHFP - CompEggLayer_Patch applied
MoharFW YAHA - successfuly completed 7 harmony patches. 
CleanPathFinding is detected, disabling the Maru PathFinding AI feature.
ChangeLook_patched
Mincho_The_Mint_Choco_Slime_patched
Mincho_The_Mint_Choco_Slime_patched
Mincho_The_Mint_Choco_Slime_patched
Mincho_The_Mint_Choco_Slime_patched
More Vanilla Biomes initialized
Could not load reference to Verse.ThingDef named RH_DF_Mother 
(Filename: C:\buildslave\unity\build\Runtime/Export/Debug/Debug.bindings.h Line: 39)

Could not load reference to Verse.ThingDef named RH_DF_Titan 
(Filename: C:\buildslave\unity\build\Runtime/Export/Debug/Debug.bindings.h Line: 39)

Could not load reference to Verse.ThingDef named RH_DF_Wraith 
(Filename: C:\buildslave\unity\build\Runtime/Export/Debug/Debug.bindings.h Line: 39)

Could not load reference to Verse.ThingDef named RH_DF_GiantSpider 
(Filename: C:\buildslave\unity\build\Runtime/Export/Debug/Debug.bindings.h Line: 39)

Could not load reference to Verse.ThingDef named RH_DF2_Stalker 
(Filename: C:\buildslave\unity\build\Runtime/Export/Debug/Debug.bindings.h Line: 39)

Could not load reference to Verse.ThingDef named RH_DF_EvolvedRumbler 
(Filename: C:\buildslave\unity\build\Runtime/Export/Debug/Debug.bindings.h Line: 39)

Could not load reference to Verse.ThingDef named RH_DF_EvolvedLongArms 
(Filename: C:\buildslave\unity\build\Runtime/Export/Debug/Debug.bindings.h Line: 39)

Could not load reference to Verse.ThingDef named RH_DF_IrridiatedLongArms 
(Filename: C:\buildslave\unity\build\Runtime/Export/Debug/Debug.bindings.h Line: 39)

Could not load reference to Verse.ThingDef named RH_DF_VolatileLeaper 
(Filename: C:\buildslave\unity\build\Runtime/Export/Debug/Debug.bindings.h Line: 39)

Could not load reference to Verse.ThingDef named RH_DF_BlackTitan 
(Filename: C:\buildslave\unity\build\Runtime/Export/Debug/Debug.bindings.h Line: 39)

Could not load reference to Verse.ThingDef named RH_DF_BlackWraith 
(Filename: C:\buildslave\unity\build\Runtime/Export/Debug/Debug.bindings.h Line: 39)

Could not load reference to Verse.ThingDef named RH_DF_BlackLeaper 
(Filename: C:\buildslave\unity\build\Runtime/Export/Debug/Debug.bindings.h Line: 39)

Could not load reference to Verse.ThingDef named RH_DF_DevilHound 
(Filename: C:\buildslave\unity\build\Runtime/Export/Debug/Debug.bindings.h Line: 39)

Could not load reference to Verse.ThingDef named RH_DF_Tendril 
(Filename: C:\buildslave\unity\build\Runtime/Export/Debug/Debug.bindings.h Line: 39)

Could not load reference to Verse.ThingDef named RH_DF_Bone 
(Filename: C:\buildslave\unity\build\Runtime/Export/Debug/Debug.bindings.h Line: 39)

Could not load reference to Verse.ThingDef named RH_DF2_RoidHulk 
(Filename: C:\buildslave\unity\build\Runtime/Export/Debug/Debug.bindings.h Line: 39)

Could not load reference to Verse.ThingDef named RH_DF_Reaper 
(Filename: C:\buildslave\unity\build\Runtime/Export/Debug/Debug.bindings.h Line: 39)

Null key while loading dictionary of Verse.ThingDef and Verse.ThingDef. label=animalsByLeathers 
(Filename: C:\buildslave\unity\build\Runtime/Export/Debug/Debug.bindings.h Line: 39)

Null key while loading dictionary of Verse.ThingDef and Verse.ThingDef. label=animalsByLeathers 
(Filename: C:\buildslave\unity\build\Runtime/Export/Debug/Debug.bindings.h Line: 39)

Null key while loading dictionary of Verse.ThingDef and Verse.ThingDef. label=animalsByLeathers 
(Filename: C:\buildslave\unity\build\Runtime/Export/Debug/Debug.bindings.h Line: 39)

Null key while loading dictionary of Verse.ThingDef and Verse.ThingDef. label=animalsByLeathers 
(Filename: C:\buildslave\unity\build\Runtime/Export/Debug/Debug.bindings.h Line: 39)

Null key while loading dictionary of Verse.ThingDef and Verse.ThingDef. label=animalsByLeathers 
(Filename: C:\buildslave\unity\build\Runtime/Export/Debug/Debug.bindings.h Line: 39)

Null key while loading dictionary of Verse.ThingDef and Verse.ThingDef. label=animalsByLeathers 
(Filename: C:\buildslave\unity\build\Runtime/Export/Debug/Debug.bindings.h Line: 39)

Null key while loading dictionary of Verse.ThingDef and Verse.ThingDef. label=animalsByLeathers 
(Filename: C:\buildslave\unity\build\Runtime/Export/Debug/Debug.bindings.h Line: 39)

Null key while loading dictionary of Verse.ThingDef and Verse.ThingDef. label=animalsByLeathers 
(Filename: C:\buildslave\unity\build\Runtime/Export/Debug/Debug.bindings.h Line: 39)

Null key while loading dictionary of Verse.ThingDef and Verse.ThingDef. label=animalsByLeathers 
(Filename: C:\buildslave\unity\build\Runtime/Export/Debug/Debug.bindings.h Line: 39)

Null key while loading dictionary of Verse.ThingDef and Verse.ThingDef. label=animalsByLeathers 
(Filename: C:\buildslave\unity\build\Runtime/Export/Debug/Debug.bindings.h Line: 39)

Null key while loading dictionary of Verse.ThingDef and Verse.ThingDef. label=animalsByLeathers 
(Filename: C:\buildslave\unity\build\Runtime/Export/Debug/Debug.bindings.h Line: 39)

Null key while loading dictionary of Verse.ThingDef and Verse.ThingDef. label=animalsByLeathers 
(Filename: C:\buildslave\unity\build\Runtime/Export/Debug/Debug.bindings.h Line: 39)

Null key while loading dictionary of Verse.ThingDef and Verse.ThingDef. label=animalsByLeathers 
(Filename: C:\buildslave\unity\build\Runtime/Export/Debug/Debug.bindings.h Line: 39)

Null key while loading dictionary of Verse.ThingDef and Verse.ThingDef. label=animalsByLeathers 
(Filename: C:\buildslave\unity\build\Runtime/Export/Debug/Debug.bindings.h Line: 39)

Null key while loading dictionary of Verse.ThingDef and Verse.ThingDef. label=animalsByLeathers 
(Filename: C:\buildslave\unity\build\Runtime/Export/Debug/Debug.bindings.h Line: 39)

Null key while loading dictionary of Verse.ThingDef and Verse.ThingDef. label=animalsByLeathers 
(Filename: C:\buildslave\unity\build\Runtime/Export/Debug/Debug.bindings.h Line: 39)

Null key while loading dictionary of Verse.ThingDef and Verse.ThingDef. label=animalsByLeathers 
(Filename: C:\buildslave\unity\build\Runtime/Export/Debug/Debug.bindings.h Line: 39)

<color=blue>Optimization: Meats - C# Edition</color>: Mod version: 1.3.0 for RimWorld version: 1.3
<color=blue>Optimization: Meats - C# Edition</color>: <color=red>84</color> meat defs have been removed from the game. Elapsed Time: 0.07sec
Packs Are Not Belts - Found Vanilla Expanded Framework - Patching HeavyWeapons.dll
Packs Are Not Belts - Found Vanilla Expanded Framework - Patching HeavyWeapons.dll
Packs Are Not Belts - Harmony Patches Loaded.
RemoveWeatherOverlays - Patching Verse.WeatherWorker.DrawOverlays()
[Geological Landforms v1.6.3] Found landform data in the following mods: Geological Landforms
[Geological Landforms v1.6.3] Loaded 36 landforms of which 0 are edited and 0 are custom.
Could not allocate memory: System out of memory!
Trying to allocate: 715827884B with 16 alignment. MemoryLabel: NewDelete
Allocation happened at: Line:0 in Overloaded New[]
Memory overview

[ ALLOC_TEMP_THREAD ] used: 33008B | peak: 0B | reserved: 4063232B 
[ ALLOC_TEMP_JOB_1_FRAME ] used: 0B | peak: 0B | reserved: 30408704B 
[ ALLOC_TEMP_JOB_2_FRAMES ] used: 0B | peak: 0B | reserved: 1048576B 
[ ALLOC_TEMP_JOB_4_FRAMES ] used: 0B | peak: 0B | reserved: 2097152B 
[ ALLOC_TEMP_JOB_ASYNC ] used: 0B | peak: 0B | reserved: 5242880B 
[ ALLOC_DEFAULT ] used: 658850394B | peak: 0B | reserved: 678146048B 
[ ALLOC_GFX ] used: 2368796739B | peak: 0B | reserved: 2405720064B 
[ ALLOC_CACHEOBJECTS ] used: 145519112B | peak: 0B | reserved: 157286400B 
[ ALLOC_TYPETREE ] used: 327768B | peak: 0B | reserved: 5242880B 
Could not allocate memory: System out of memory!
Trying to allocate: 715827884B with 16 alignment. MemoryLabel: NewDelete
Allocation happened at: Line:0 in Overloaded New[]
Memory overview

[ ALLOC_TEMP_THREAD ] used: 33008B | peak: 0B | reserved: 4063232B 
[ ALLOC_TEMP_JOB_1_FRAME ] used: 0B | peak: 0B | reserved: 30408704B 
[ ALLOC_TEMP_JOB_2_FRAMES ] used: 0B | peak: 0B | reserved: 1048576B 
[ ALLOC_TEMP_JOB_4_FRAMES ] used: 0B | peak: 0B | reserved: 2097152B 
[ ALLOC_TEMP_JOB_ASYNC ] used: 0B | peak: 0B | reserved: 5242880B 
[ ALLOC_DEFAULT ] used: 658850394B | peak: 0B | reserved: 678146048B 
[ ALLOC_GFX ] used: 2368796739B | peak: 0B | reserved: 2405720064B 
[ ALLOC_CACHEOBJECTS ] used: 145519112B | peak: 0B | reserved: 157286400B 
[ ALLOC_TYPETREE ] used: 327768B | peak: 0B | reserved: 5242880B 
 
(Filename:  Line: 1507)

Crash!!!
SymInit: Symbol-SearchPath: '.;C:\Program Files (x86)\Steam\steamapps\common\RimWorld;C:\Program Files (x86)\Steam\steamapps\common\RimWorld;C:\Windows;C:\Windows\system32;SRV*C:\websymbols*http://msdl.microsoft.com/download/symbols;', symOptions: 534, UserName: 'User'
OS-Version: 10.0.0
C:\Program Files (x86)\Steam\steamapps\common\RimWorld\RimWorldWin64.exe:RimWorldWin64.exe (00007FF7B4A70000), size: 667648 (result: 0), SymType: '-deferred-', PDB: '', fileVersion: 2019.4.30.51345
C:\Windows\SYSTEM32\ntdll.dll:ntdll.dll (00007FFA20910000), size: 2179072 (result: 0), SymType: '-deferred-', PDB: '', fileVersion: 10.0.22621.1485
C:\Windows\System32\KERNEL32.DLL:KERNEL32.DLL (00007FFA1F150000), size: 794624 (result: 0), SymType: '-deferred-', PDB: '', fileVersion: 10.0.22621.1485
C:\Windows\System32\KERNELBASE.dll:KERNELBASE.dll (00007FFA1E380000), size: 3784704 (result: 0), SymType: '-deferred-', PDB: '', fileVersion: 10.0.22621.1555
C:\Program Files (x86)\Steam\steamapps\common\RimWorld\UnityPlayer.dll:UnityPlayer.dll (00007FF9C9900000), size: 27037696 (result: 0), SymType: '-deferred-', PDB: '', fileVersion: 2019.4.30.51345
C:\Windows\System32\USER32.dll:USER32.dll (00007FFA20710000), size: 1748992 (result: 0), SymType: '-deferred-', PDB: '', fileVersion: 10.0.22621.1485
C:\Windows\System32\win32u.dll:win32u.dll (00007FFA1E050000), size: 155648 (result: 0), SymType: '-deferred-', PDB: '', fileVersion: 10.0.22621.1555
C:\Windows\System32\GDI32.dll:GDI32.dll (00007FFA1FA10000), size: 167936 (result: 0), SymType: '-deferred-', PDB: '', fileVersion: 10.0.22621.608
C:\Windows\System32\gdi32full.dll:gdi32full.dll (00007FFA1E120000), size: 1126400 (result: 0), SymType: '-deferred-', PDB: '', fileVersion: 10.0.22621.1344
C:\Windows\System32\msvcp_win.dll:msvcp_win.dll (00007FFA1E080000), size: 630784 (result: 0), SymType: '-deferred-', PDB: '', fileVersion: 10.0.22621.608
C:\Windows\System32\ucrtbase.dll:ucrtbase.dll (00007FFA1DEC0000), size: 1118208 (result: 0), SymType: '-deferred-', PDB: '', fileVersion: 10.0.22621.608
C:\Windows\System32\ole32.dll:ole32.dll (00007FFA1FA90000), size: 1687552 (result: 0), SymType: '-deferred-', PDB: '', fileVersion: 10.0.22621.608
C:\Windows\System32\combase.dll:combase.dll (00007FFA1EDB0000), size: 3706880 (result: 0), SymType: '-deferred-', PDB: '', fileVersion: 10.0.22621.1485
C:\Windows\System32\RPCRT4.dll:RPCRT4.dll (00007FFA1FDF0000), size: 1142784 (result: 0), SymType: '-deferred-', PDB: '', fileVersion: 10.0.22621.1555
C:\Windows\System32\SHLWAPI.dll:SHLWAPI.dll (00007FFA1EAA0000), size: 385024 (result: 0), SymType: '-deferred-', PDB: '', fileVersion: 10.0.22621.608
C:\Windows\SYSTEM32\VERSION.dll:VERSION.dll (00007FFA16660000), size: 40960 (result: 0), SymType: '-deferred-', PDB: '', fileVersion: 10.0.22621.1
C:\Windows\System32\msvcrt.dll:msvcrt.dll (00007FFA1E9F0000), size: 684032 (result: 0), SymType: '-deferred-', PDB: '', fileVersion: 7.0.22621.608
C:\Windows\System32\SETUPAPI.dll:SETUPAPI.dll (00007FFA1FFC0000), size: 4669440 (result: 0), SymType: '-deferred-', PDB: '', fileVersion: 10.0.22621.1344
C:\Windows\System32\ADVAPI32.dll:ADVAPI32.dll (00007FFA20660000), size: 712704 (result: 0), SymType: '-deferred-', PDB: '', fileVersion: 10.0.22621.1485
C:\Windows\System32\sechost.dll:sechost.dll (00007FFA1FC40000), size: 671744 (result: 0), SymType: '-deferred-', PDB: '', fileVersion: 10.0.22621.1555
C:\Windows\System32\SHELL32.dll:SHELL32.dll (00007FFA1F220000), size: 8323072 (result: 0), SymType: '-deferred-', PDB: '', fileVersion: 10.0.22621.1485
C:\Windows\System32\OLEAUT32.dll:OLEAUT32.dll (00007FFA1EC00000), size: 880640 (result: 0), SymType: '-deferred-', PDB: '', fileVersion: 10.0.22621.608
C:\Windows\System32\IMM32.dll:IMM32.dll (00007FFA1ECE0000), size: 200704 (result: 0), SymType: '-deferred-', PDB: '', fileVersion: 10.0.22621.1344
C:\Windows\System32\CRYPT32.dll:CRYPT32.dll (00007FFA1DD50000), size: 1466368 (result: 0), SymType: '-deferred-', PDB: '', fileVersion: 10.0.22621.674
C:\Windows\SYSTEM32\WINMM.dll:WINMM.dll (00007FFA15EA0000), size: 212992 (result: 0), SymType: '-deferred-', PDB: '', fileVersion: 10.0.22621.608
C:\Windows\SYSTEM32\OPENGL32.dll:OPENGL32.dll (00007FF9FC8B0000), size: 1048576 (result: 0), SymType: '-deferred-', PDB: '', fileVersion: 10.0.22621.608
C:\Windows\System32\WS2_32.dll:WS2_32.dll (00007FFA1FCF0000), size: 462848 (result: 0), SymType: '-deferred-', PDB: '', fileVersion: 10.0.22621.1
C:\Windows\SYSTEM32\bcrypt.dll:bcrypt.dll (00007FFA1D700000), size: 163840 (result: 0), SymType: '-deferred-', PDB: '', fileVersion: 10.0.22621.1344
C:\Windows\SYSTEM32\HID.DLL:HID.DLL (00007FFA1C640000), size: 57344 (result: 0), SymType: '-deferred-', PDB: '', fileVersion: 10.0.22621.1
C:\Windows\SYSTEM32\WINHTTP.dll:WINHTTP.dll (00007FFA18590000), size: 1273856 (result: 0), SymType: '-deferred-', PDB: '', fileVersion: 10.0.22621.1485
C:\Windows\SYSTEM32\GLU32.dll:GLU32.dll (00007FFA07960000), size: 184320 (result: 0), SymType: '-deferred-', PDB: '', fileVersion: 10.0.22621.608
C:\Windows\SYSTEM32\dxcore.dll:dxcore.dll (00007FFA1B590000), size: 221184 (result: 0), SymType: '-deferred-', PDB: '', fileVersion: 10.0.22621.608
C:\Windows\SYSTEM32\kernel.appcore.dll:kernel.appcore.dll (00007FFA1CE40000), size: 98304 (result: 0), SymType: '-deferred-', PDB: '', fileVersion: 10.0.22621.1
C:\Windows\System32\bcryptPrimitives.dll:bcryptPrimitives.dll (00007FFA1E240000), size: 503808 (result: 0), SymType: '-deferred-', PDB: '', fileVersion: 10.0.22621.1344
C:\Windows\system32\uxtheme.dll:uxtheme.dll (00007FFA1B290000), size: 700416 (result: 0), SymType: '-deferred-', PDB: '', fileVersion: 10.0.22621.608
C:\Windows\System32\shcore.dll:shcore.dll (00007FFA1E720000), size: 987136 (result: 0), SymType: '-deferred-', PDB: '', fileVersion: 10.0.22621.900
C:\Windows\SYSTEM32\windows.storage.dll:windows.storage.dll (00007FFA1BD70000), size: 9228288 (result: 0), SymType: '-deferred-', PDB: '', fileVersion: 10.0.22621.1485
C:\Windows\SYSTEM32\wintypes.dll:wintypes.dll (00007FFA1BC30000), size: 1302528 (result: 0), SymType: '-deferred-', PDB: '', fileVersion: 10.0.22621.1485
C:\Windows\SYSTEM32\profapi.dll:profapi.dll (00007FFA1DC80000), size: 135168 (result: 0), SymType: '-deferred-', PDB: '', fileVersion: 10.0.22621.1
C:\Program Files (x86)\Steam\steamapps\common\RimWorld\MonoBleedingEdge\EmbedRuntime\mono-2.0-bdwgc.dll:mono-2.0-bdwgc.dll (00007FF9CFF30000), size: 7790592 (result: 0), SymType: '-deferred-', PDB: ''
C:\Windows\System32\PSAPI.DLL:PSAPI.DLL (00007FFA1E9E0000), size: 32768 (result: 0), SymType: '-deferred-', PDB: '', fileVersion: 10.0.22621.1
C:\Windows\SYSTEM32\iphlpapi.dll:iphlpapi.dll (00007FFA1C900000), size: 184320 (result: 0), SymType: '-deferred-', PDB: '', fileVersion: 10.0.22621.1
C:\Windows\System32\MSCTF.dll:MSCTF.dll (00007FFA20540000), size: 1171456 (result: 0), SymType: '-deferred-', PDB: '', fileVersion: 10.0.22621.1344
C:\Windows\SYSTEM32\d3d11.dll:d3d11.dll (00007FFA1A2B0000), size: 2453504 (result: 0), SymType: '-deferred-', PDB: '', fileVersion: 10.0.22621.1344
C:\Windows\SYSTEM32\dxgi.dll:dxgi.dll (00007FFA1B410000), size: 1007616 (result: 0), SymType: '-deferred-', PDB: '', fileVersion: 10.0.22621.1485
C:\Windows\SYSTEM32\directxdatabasehelper.dll:directxdatabasehelper.dll (00007FFA182A0000), size: 294912 (result: 0), SymType: '-deferred-', PDB: '', fileVersion: 10.0.22621.1485
C:\Windows\System32\DriverStore\FileRepository\u0390319.inf_amd64_32d8157dec983dab\B389920\aticfx64.dll:aticfx64.dll (00007FFA15EE0000), size: 1814528 (result: 0), SymType: '-deferred-', PDB: '', fileVersion: 31.0.14043.7000
C:\Windows\System32\DriverStore\FileRepository\u0390319.inf_amd64_32d8157dec983dab\B389920\atiuxp64.dll:atiuxp64.dll (00007FFA15790000), size: 233472 (result: 0), SymType: '-deferred-', PDB: '', fileVersion: 31.0.14043.7000
C:\Windows\System32\DriverStore\FileRepository\u0390319.inf_amd64_32d8157dec983dab\B389920\atidxx64.dll:atidxx64.dll (00007FFA137B0000), size: 32952320 (result: 0), SymType: '-deferred-', PDB: '', fileVersion: 31.0.14043.7000
C:\Windows\SYSTEM32\cfgmgr32.DLL:cfgmgr32.DLL (00007FFA1DA40000), size: 319488 (result: 0), SymType: '-deferred-', PDB: '', fileVersion: 10.0.22621.1344
C:\Windows\SYSTEM32\apphelp.dll:apphelp.dll (00007FFA1B180000), size: 614400 (result: 0), SymType: '-deferred-', PDB: '', fileVersion: 10.0.22621.1485
C:\Windows\SYSTEM32\amdihk64.dll:amdihk64.dll (00007FFA13770000), size: 217088 (result: 0), SymType: '-deferred-', PDB: '', fileVersion: 2.0.0.1788
C:\Windows\System32\clbcatq.dll:clbcatq.dll (00007FFA1FF10000), size: 720896 (result: 0), SymType: '-deferred-', PDB: '', fileVersion: 2001.12.10941.16384
C:\Windows\system32\wbem\wbemprox.dll:wbemprox.dll (00007FFA05290000), size: 65536 (result: 0), SymType: '-deferred-', PDB: '', fileVersion: 10.0.22621.1
C:\Windows\SYSTEM32\wbemcomn.dll:wbemcomn.dll (00007FFA0E8A0000), size: 524288 (result: 0), SymType: '-deferred-', PDB: '', fileVersion: 10.0.22621.1
C:\Windows\system32\wbem\wbemsvc.dll:wbemsvc.dll (00007FFA044D0000), size: 81920 (result: 0), SymType: '-deferred-', PDB: '', fileVersion: 10.0.22621.1
C:\Windows\system32\wbem\fastprox.dll:fastprox.dll (00007FFA045F0000), size: 1015808 (result: 0), SymType: '-deferred-', PDB: '', fileVersion: 10.0.22621.608
C:\Windows\SYSTEM32\amsi.dll:amsi.dll (00007FF9FF3E0000), size: 118784 (result: 0), SymType: '-deferred-', PDB: '', fileVersion: 10.0.22621.1
C:\Windows\SYSTEM32\USERENV.dll:USERENV.dll (00007FFA1D400000), size: 163840 (result: 0), SymType: '-deferred-', PDB: '', fileVersion: 10.0.22621.1
C:\ProgramData\Microsoft\Windows Defender\Platform\4.18.2303.8-0\MpOav.dll:MpOav.dll (00007FF9FF360000), size: 503808 (result: 0), SymType: '-deferred-', PDB: '', fileVersion: 4.18.2303.8
C:\Windows\System32\MMDevApi.dll:MMDevApi.dll (00007FFA124F0000), size: 643072 (result: 0), SymType: '-deferred-', PDB: '', fileVersion: 10.0.22621.608
C:\Windows\System32\DEVOBJ.dll:DEVOBJ.dll (00007FFA1DA10000), size: 180224 (result: 0), SymType: '-deferred-', PDB: '', fileVersion: 10.0.22621.1344
C:\Windows\SYSTEM32\AUDIOSES.DLL:AUDIOSES.DLL (00007FFA0B970000), size: 1982464 (result: 0), SymType: '-deferred-', PDB: '', fileVersion: 10.0.22621.1485
C:\Windows\SYSTEM32\resourcepolicyclient.dll:resourcepolicyclient.dll (00007FFA1B830000), size: 86016 (result: 0), SymType: '-deferred-', PDB: '', fileVersion: 10.0.22621.1
C:\Windows\SYSTEM32\powrprof.dll:powrprof.dll (00007FFA1CC60000), size: 315392 (result: 0), SymType: '-deferred-', PDB: '', fileVersion: 10.0.22621.1344
C:\Windows\SYSTEM32\UMPDC.dll:UMPDC.dll (00007FFA1CC40000), size: 77824 (result: 0), SymType: '-deferred-', PDB: '', fileVersion: 10.0.22621.1
C:\Windows\SYSTEM32\xinput1_3.dll:xinput1_3.dll (0000000000400000), size: 122880 (result: 0), SymType: '-deferred-', PDB: '', fileVersion: 9.18.944.0
C:\Windows\SYSTEM32\dcomp.dll:dcomp.dll (00007FFA1A520000), size: 2371584 (result: 0), SymType: '-deferred-', PDB: '', fileVersion: 10.0.22621.1344
C:\Windows\SYSTEM32\dwmapi.dll:dwmapi.dll (00007FFA1B520000), size: 176128 (result: 0), SymType: '-deferred-', PDB: '', fileVersion: 10.0.22621.608
C:\Windows\SYSTEM32\textinputframework.dll:textinputframework.dll (00007FFA0F060000), size: 1236992 (result: 0), SymType: '-deferred-', PDB: '', fileVersion: 10.0.22621.1344
C:\Program Files (x86)\Steam\steamapps\common\RimWorld\RimWorldWin64_Data\Plugins\x86_64\steam_api64.dll:steam_api64.dll (00007FFA035C0000), size: 311296 (result: 0), SymType: '-deferred-', PDB: '', fileVersion: 6.91.21.57
C:\Program Files (x86)\Steam\steamclient64.dll:steamclient64.dll (00007FF9C5730000), size: 22765568 (result: 0), SymType: '-deferred-', PDB: '', fileVersion: 8.2.18.44
C:\Windows\System32\imagehlp.dll:imagehlp.dll (00007FFA1FDD0000), size: 126976 (result: 0), SymType: '-deferred-', PDB: '', fileVersion: 10.0.22621.1
C:\Program Files (x86)\Steam\tier0_s64.dll:tier0_s64.dll (00007FF9DF8D0000), size: 1662976 (result: 0), SymType: '-deferred-', PDB: '', fileVersion: 8.2.18.44
C:\Program Files (x86)\Steam\vstdlib_s64.dll:vstdlib_s64.dll (00007FF9FA030000), size: 733184 (result: 0), SymType: '-deferred-', PDB: '', fileVersion: 8.2.18.44
C:\Windows\SYSTEM32\MSWSOCK.dll:MSWSOCK.dll (00007FFA1D300000), size: 430080 (result: 0), SymType: '-deferred-', PDB: '', fileVersion: 10.0.22621.1
C:\Windows\SYSTEM32\Secur32.dll:Secur32.dll (00007FF9FFAA0000), size: 49152 (result: 0), SymType: '-deferred-', PDB: '', fileVersion: 10.0.22621.1
C:\Windows\SYSTEM32\SSPICLI.DLL:SSPICLI.DLL (00007FFA1D0E0000), size: 270336 (result: 0), SymType: '-deferred-', PDB: '', fileVersion: 10.0.22621.1485
C:\Windows\SYSTEM32\CRYPTBASE.DLL:CRYPTBASE.DLL (00007FFA1D560000), size: 49152 (result: 0), SymType: '-deferred-', PDB: '', fileVersion: 10.0.22621.1
C:\Program Files (x86)\Steam\gameoverlayrenderer64.dll:gameoverlayrenderer64.dll (00007FF9DF640000), size: 1609728 (result: 0), SymType: '-deferred-', PDB: '', fileVersion: 8.2.18.44
C:\Windows\SYSTEM32\CRYPTSP.dll:CRYPTSP.dll (00007FFA1D570000), size: 110592 (result: 0), SymType: '-deferred-', PDB: '', fileVersion: 10.0.22621.1
C:\Windows\system32\rsaenh.dll:rsaenh.dll (00007FFA1CE00000), size: 217088 (result: 0), SymType: '-deferred-', PDB: '', fileVersion: 10.0.22621.1
C:\Windows\SYSTEM32\Msacm32.DLL:Msacm32.DLL (00007FFA0BF60000), size: 122880 (result: 0), SymType: '-deferred-', PDB: '', fileVersion: 10.0.22621.1
C:\Windows\SYSTEM32\winmmbase.dll:winmmbase.dll (00007FFA0E870000), size: 167936 (result: 0), SymType: '-deferred-', PDB: '', fileVersion: 10.0.22621.1
C:\Windows\System32\l3codeca.acm:l3codeca.acm (00007FFA11DD0000), size: 114688 (result: 0), SymType: '-deferred-', PDB: '', fileVersion: 1.9.0.401
C:\Windows\SYSTEM32\dbghelp.dll:dbghelp.dll (00007FFA12AE0000), size: 2285568 (result: 0), SymType: '-deferred-', PDB: '', fileVersion: 10.0.22621.1

========== OUTPUTTING STACK TRACE ==================

0x00007FF9CA6D42BB (UnityPlayer) UnityMain
0x00007FF9CA6D3DCA (UnityPlayer) UnityMain
0x00007FF9C9E8F202 (UnityPlayer) UnityMain
0x00007FF9C9E8D0CE (UnityPlayer) UnityMain
0x00007FF9C9E8CCD3 (UnityPlayer) UnityMain
0x00007FF9C9F94491 (UnityPlayer) UnityMain
0x00007FF9CA289097 (UnityPlayer) UnityMain
0x0000025B96DFE379 (Mono JIT Code) (wrapper managed-to-native) UnityEngine.Texture2D:Compress (UnityEngine.Texture2D,bool)
0x0000025BC8F8F18B (Mono JIT Code) Verse.StaticTextureAtlas:Bake (bool)
0x0000025BC8F8DD4B (Mono JIT Code) Verse.GlobalTextureAtlasManager:<BakeStaticAtlases>g__FlushBatch|7_0 (Verse.TextureAtlasGroupKey,Verse.GlobalTextureAtlasManager/<>c__DisplayClass7_0&)
0x0000025BC8F8D0DB (Mono JIT Code) Verse.GlobalTextureAtlasManager:BakeStaticAtlases ()
0x0000025B6D0ACFA3 (Mono JIT Code) Verse.PlayDataLoader/<>c:<DoPlayLoad>b__4_5 ()
0x0000025B0A81E7CC (Mono JIT Code) Verse.LongEventHandler:ExecuteToExecuteWhenFinished ()
0x0000025B0A81EF1B (Mono JIT Code) Verse.LongEventHandler:UpdateCurrentAsynchronousEvent ()
0x0000025B078569C3 (Mono JIT Code) Verse.LongEventHandler:LongEventsUpdate (bool&)
0x0000025B0EB0EC73 (Mono JIT Code) (wrapper dynamic-method) Verse.Root:Verse.Root.Update_Patch1 (Verse.Root)
0x0000025B0785548B (Mono JIT Code) Verse.Root_Entry:Update ()
0x000002597A5AEC30 (Mono JIT Code) (wrapper runtime-invoke) object:runtime_invoke_void__this__ (object,intptr,intptr,intptr)
0x00007FF9D005E270 (mono-2.0-bdwgc) mono_get_runtime_build_info
0x00007FF9CFFE2AE2 (mono-2.0-bdwgc) mono_perfcounters_init
0x00007FF9CFFEBB3F (mono-2.0-bdwgc) mono_runtime_invoke
0x00007FF9CA1D606D (UnityPlayer) UnityMain
0x00007FF9CA1D3443 (UnityPlayer) UnityMain
0x00007FF9CA1BC603 (UnityPlayer) UnityMain
0x00007FF9CA1BC6BD (UnityPlayer) UnityMain
0x00007FF9C9F48110 (UnityPlayer) UnityMain
0x00007FF9CA0963C7 (UnityPlayer) UnityMain
0x00007FF9CA096463 (UnityPlayer) UnityMain
0x00007FF9CA0988BC (UnityPlayer) UnityMain
  ERROR: SymGetSymFromAddr64, GetLastError: 'Geersiz adrese eriim istei.' (Address: 00007FF9C9E4751E)
0x00007FF9C9E4751E (UnityPlayer) (function-name not available)
  ERROR: SymGetSymFromAddr64, GetLastError: 'Geersiz adrese eriim istei.' (Address: 00007FF9C9E4627A)
0x00007FF9C9E4627A (UnityPlayer) (function-name not available)
  ERROR: SymGetSymFromAddr64, GetLastError: 'Geersiz adrese eriim istei.' (Address: 00007FF9C9E4A32C)
0x00007FF9C9E4A32C (UnityPlayer) (function-name not available)
0x00007FF9C9E4DE1B (UnityPlayer) UnityMain
  ERROR: SymGetSymFromAddr64, GetLastError: 'Geersiz adrese eriim istei.' (Address: 00007FF7B4A711F2)
0x00007FF7B4A711F2 (RimWorldWin64) (function-name not available)
0x00007FFA1F16269D (KERNEL32) BaseThreadInitThunk
0x00007FFA2096A9F8 (ntdll) RtlUserThreadStart

========== END OF STACKTRACE ===========

A crash has been intercepted by the crash handler. For call stack and other details, see the latest crash report generated in:
 * C:/Users/User/AppData/Local/Temp/Ludeon Studios/RimWorld by Ludeon Studios/Crashes
